<?xml version="1.0" encoding="UTF-8"?>
<testsuite name="org.hyperskill.ordersmenu.Stage2UnitTest" tests="4" skipped="0" failures="0" errors="0" timestamp="2026-07-05T21:28:14" hostname="Mac.cable.rcn.com" time="0.217">
  <properties/>
  <testcase name="test00_checkTitle" classname="org.hyperskill.ordersmenu.Stage2UnitTest" time="0.063"/>
  <testcase name="test01_checkFettuccine" classname="org.hyperskill.ordersmenu.Stage2UnitTest" time="0.053"/>
  <testcase name="test02_checkTitleIsAboveFettuccine" classname="org.hyperskill.ordersmenu.Stage2UnitTest" time="0.051"/>
  <testcase name="test03_checkOverlap" classname="org.hyperskill.ordersmenu.Stage2UnitTest" time="0.05"/>
  <system-out><![CDATA[]]></system-out>
  <system-err><![CDATA[]]></system-err>
</testsuite>
