<?xml version="1.0" encoding="UTF-8"?>
<testsuite name="org.hyperskill.ordersmenu.Stage3UnitTest" tests="6" skipped="0" failures="0" errors="0" timestamp="2026-07-02T16:57:46" hostname="dhcp-10-105-238-137.wireless.northwestern.private" time="0.384">
  <properties/>
  <testcase name="test00_checkFettuccineAmountIncreases" classname="org.hyperskill.ordersmenu.Stage3UnitTest" time="0.085"/>
  <testcase name="test01_checkFettuccineAmountIncreasesUpToLimitOnly" classname="org.hyperskill.ordersmenu.Stage3UnitTest" time="0.07"/>
  <testcase name="test02_checkFettuccineWhenOnMaxLimitColorIsRed" classname="org.hyperskill.ordersmenu.Stage3UnitTest" time="0.05"/>
  <testcase name="test03_checkAmountDecrease" classname="org.hyperskill.ordersmenu.Stage3UnitTest" time="0.052"/>
  <testcase name="test04_checkAmountDecreaseDoesNotGoBellowZero" classname="org.hyperskill.ordersmenu.Stage3UnitTest" time="0.074"/>
  <testcase name="test05_whileColorIsRedCheckColorChangesBackToBlackAfterDecrement" classname="org.hyperskill.ordersmenu.Stage3UnitTest" time="0.052"/>
  <system-out><![CDATA[]]></system-out>
  <system-err><![CDATA[]]></system-err>
</testsuite>
