<?xml version="1.0" encoding="UTF-8"?>
<testsuite name="org.hyperskill.ordersmenu.Stage2UnitTest" tests="4" skipped="0" failures="0" errors="0" timestamp="2026-07-13T22:03:19" hostname="Mac.cable.rcn.com" time="0.215">
  <properties/>
  <testcase name="test00_checkTitle" classname="org.hyperskill.ordersmenu.Stage2UnitTest" time="0.06"/>
  <testcase name="test01_checkFettuccine" classname="org.hyperskill.ordersmenu.Stage2UnitTest" time="0.059"/>
  <testcase name="test02_checkTitleIsAboveFettuccine" classname="org.hyperskill.ordersmenu.Stage2UnitTest" time="0.044"/>
  <testcase name="test03_checkOverlap" classname="org.hyperskill.ordersmenu.Stage2UnitTest" time="0.052"/>
  <system-out><![CDATA[]]></system-out>
  <system-err><![CDATA[]]></system-err>
</testsuite>
